d:\projects_vs2013\editor\editor\debug\vc120.pdb
d:\projects_vs2013\editor\editor\debug\propertybrowser.obj
d:\projects_vs2013\editor\editor\debug\mainwindow.obj
d:\projects_vs2013\editor\editor\debug\main.obj
d:\projects_vs2013\editor\editor\debug\librarytree.obj
d:\projects_vs2013\editor\editor\debug\itemfactory.obj
d:\projects_vs2013\editor\editor\debug\moc_propertybrowser.obj
d:\projects_vs2013\editor\editor\debug\moc_mainwindow.obj
d:\projects_vs2013\editor\editor\debug\moc_librarytree.obj
d:\projects_vs2013\editor\editor\debug\moc_editorview.obj
d:\projects_vs2013\editor\editor\debug\moc_editorscene.obj
d:\projects_vs2013\editor\editor\debug\editorscene.obj
d:\projects_vs2013\editor\editor\debug\buttonitem.obj
d:\projects_vs2013\editor\editor\debug\moc_itembase.obj
d:\projects_vs2013\editor\editor\debug\moc_editorpage.obj
d:\projects_vs2013\editor\editor\debug\moc_buttonitem.obj
d:\projects_vs2013\editor\editor\debug\editorpage.obj
d:\projects_vs2013\editor\editor\debug\itembase.obj
d:\projects_vs2013\editor\editor\debug\editorview.obj
d:\projects_vs2013\editor\editor\debug\qrc_mainwindow.obj
d:\projects_vs2013\editor\editor\debug\screenmgr.obj
d:\projects_vs2013\editor\editor\debug\resourcemgr.obj
d:\projects_vs2013\editor\editor\debug\qstringandqvariant.obj
d:\projects_vs2013\editor\editor\debug\pageeventhandler.obj
d:\projects_vs2013\editor\editor\debug\moc_pageeventhandler.obj
d:\projects_vs2013\editor\editor\debug\moc_editorviewbase.obj
d:\projects_vs2013\editor\editor\debug\editorviewbase.obj
d:\projects_vs2013\editor\editor\debug\selectitemproxy.obj
d:\projects_vs2013\editor\editor\generatedfiles\debug\moc_librarytree.cpp
d:\projects_vs2013\editor\editor\generatedfiles\qrc_mainwindow.cpp
d:\projects_vs2013\editor\editor\generatedfiles\debug\moc_propertybrowser.cpp
d:\projects_vs2013\editor\editor\generatedfiles\debug\moc_buttonitem.cpp
d:\projects_vs2013\editor\editor\generatedfiles\debug\moc_editorscene.cpp
d:\projects_vs2013\editor\editor\generatedfiles\debug\moc_pageeventhandler.cpp
d:\projects_vs2013\editor\editor\generatedfiles\debug\moc_itembase.cpp
d:\projects_vs2013\editor\editor\generatedfiles\debug\moc_editorpage.cpp
d:\projects_vs2013\editor\editor\generatedfiles\debug\moc_editorviewbase.cpp
d:\projects_vs2013\editor\editor\generatedfiles\debug\moc_editorview.cpp
d:\projects_vs2013\editor\editor\generatedfiles\ui_mainwindow.h
d:\projects_vs2013\editor\editor\generatedfiles\debug\moc_mainwindow.cpp
d:\projects_vs2013\editor\win32\debug\editor.ilk
d:\projects_vs2013\editor\win32\debug\editor.exe
d:\projects_vs2013\editor\win32\debug\editor.pdb
d:\projects_vs2013\editor\editor\debug\editor.tlog\cl.command.1.tlog
d:\projects_vs2013\editor\editor\debug\editor.tlog\cl.read.1.tlog
d:\projects_vs2013\editor\editor\debug\editor.tlog\cl.write.1.tlog
d:\projects_vs2013\editor\editor\debug\editor.tlog\custombuild.command.1.tlog
d:\projects_vs2013\editor\editor\debug\editor.tlog\custombuild.read.1.tlog
d:\projects_vs2013\editor\editor\debug\editor.tlog\custombuild.write.1.tlog
d:\projects_vs2013\editor\editor\debug\editor.tlog\link.command.1.tlog
d:\projects_vs2013\editor\editor\debug\editor.tlog\link.read.1.tlog
d:\projects_vs2013\editor\editor\debug\editor.tlog\link.write.1.tlog
