生成启动时间为 2015/8/5 17:36:52。
     1>项目“D:\Projects_VS2013\Editor\Property\Property.vcxproj”在节点 2 上(Rebuild 个目标)。
     1>CustomBuild:
         Moc'ing qtvariantproperty.h...
         Moc'ing qttreepropertybrowser.h...
         Moc'ing qtpropertymanager.h...
         Moc'ing qtpropertybrowserutils_p.h...
         Moc'ing qtpropertybrowser.h...
         Moc'ing qtgroupboxpropertybrowser.h...
         Moc'ing qteditorfactory.h...
         Moc'ing qtbuttonpropertybrowser.h...
       ClCompile:
         C:\Program Files (x86)\Microsoft Visual Studio 12.0\VC\bin\CL.exe /c /I.\GeneratedFiles /I. /IC:\Qt\Qt5.5.0\5.5\msvc2013\include /I.\GeneratedFiles\Debug /IC:\Qt\Qt5.5.0\5.5\msvc2013\include\QtCore /IC:\Qt\Qt5.5.0\5.5\msvc2013\include\qtmain /IC:\Qt\Qt5.5.0\5.5\msvc2013\include\QtGui /I"C:\Program Files (x86)\Visual Leak Detector\include" /Zi /nologo /W1 /WX- /Od /Oy- /D UNICODE /D WIN32 /D WIN64 /D QT_DLL /D QT_CORE_LIB /D PROPERTY_LIB /Gm- /EHsc /MDd /GS /fp:precise /Zc:wchar_t /Zc:forScope /Fo"Debug\\" /Fd"Debug\vc120.pdb" /Gd /TP /analyze- /errorReport:prompt GeneratedFiles\Debug\moc_qtpropertybrowserutils_p.cpp property.cpp qtbuttonpropertybrowser.cpp qtgroupboxpropertybrowser.cpp qtpropertybrowser.cpp qtpropertybrowserutils.cpp qtvariantproperty.cpp qttreepropertybrowser.cpp qtpropertymanager.cpp qteditorfactory.cpp
         moc_qtpropertybrowserutils_p.cpp
         property.cpp
         qtbuttonpropertybrowser.cpp
         qtgroupboxpropertybrowser.cpp
         qtpropertybrowser.cpp
         qtpropertybrowserutils.cpp
         qtvariantproperty.cpp
         qttreepropertybrowser.cpp
         qtpropertymanager.cpp
     1>C:\Program Files (x86)\Microsoft Visual Studio 12.0\VC\include\xutility(2798): warning C4996: 'std::_Equal1': Function call with parameters that may be unsafe - this call relies on the caller to check that the passed values are correct. To disable this warning, use -D_SCL_SECURE_NO_WARNINGS. See documentation on how to use Visual C++ 'Checked Iterators'
                 C:\Program Files (x86)\Microsoft Visual Studio 12.0\VC\include\xutility(2783) : 参见“std::_Equal1”的声明
                 C:\Qt\Qt5.5.0\5.5\msvc2013\include\QtCore/qlist.h(828): 参见对正在编译的函数 模板 实例化“bool std::equal<const T*,const T*>(_InIt1,_InIt1,_InIt2)”的引用
                 with
                 [
                     T=QString
         ,            _InIt1=const QString *
         ,            _InIt2=const QString *
                 ]
                 C:\Qt\Qt5.5.0\5.5\msvc2013\include\QtCore/qlist.h(824): 编译类 模板 成员函数“bool QList<QString>::op_eq_impl(const QList<QString> &,QListData::ArrayCompatibleLayout) const”时
                 C:\Qt\Qt5.5.0\5.5\msvc2013\include\QtCore/qlist.h(806): 参见对正在编译的函数 模板 实例化“bool QList<QString>::op_eq_impl(const QList<QString> &,QListData::ArrayCompatibleLayout) const”的引用
                 C:\Qt\Qt5.5.0\5.5\msvc2013\include\QtCore/qlist.h(776): 编译类 模板 成员函数“QList<QString>::QList(const QList<QString> &)”时
                 C:\Qt\Qt5.5.0\5.5\msvc2013\include\QtCore/qstringlist.h(99): 参见对正在编译的函数 模板 实例化“QList<QString>::QList(const QList<QString> &)”的引用
                 C:\Qt\Qt5.5.0\5.5\msvc2013\include\QtCore/qstringlist.h(94): 参见对正在编译的类 模板 实例化“QList<QString>”的引用
         qteditorfactory.cpp
         正在生成代码...
       Lib:
         C:\Program Files (x86)\Microsoft Visual Studio 12.0\VC\bin\Lib.exe /OUT:"D:\Projects_VS2013\Editor\Win32\Debug\\Property.lib" /LIBPATH:"C:\Program Files (x86)\Visual Leak Detector\lib\Win32" /NOLOGO Debug\moc_qtpropertybrowserutils_p.obj
         Debug\property.obj
         Debug\qtbuttonpropertybrowser.obj
         Debug\qtgroupboxpropertybrowser.obj
         Debug\qtpropertybrowser.obj
         Debug\qtpropertybrowserutils.obj
         Debug\qtvariantproperty.obj
         Debug\qttreepropertybrowser.obj
         Debug\qtpropertymanager.obj
         Debug\qteditorfactory.obj
         Property.vcxproj -> D:\Projects_VS2013\Editor\Win32\Debug\Property.lib
     1>已完成生成项目“D:\Projects_VS2013\Editor\Property\Property.vcxproj”(Rebuild 个目标)的操作。

生成成功。

已用时间 00:00:22.71
