d:\projects_vs2013\editor\property\debug\vc120.pdb
d:\projects_vs2013\editor\property\debug\qteditorfactory.obj
d:\projects_vs2013\editor\property\debug\qtpropertymanager.obj
d:\projects_vs2013\editor\property\debug\qttreepropertybrowser.obj
d:\projects_vs2013\editor\property\debug\qtvariantproperty.obj
d:\projects_vs2013\editor\property\debug\qtpropertybrowserutils.obj
d:\projects_vs2013\editor\property\debug\qtpropertybrowser.obj
d:\projects_vs2013\editor\property\debug\qtgroupboxpropertybrowser.obj
d:\projects_vs2013\editor\property\debug\qtbuttonpropertybrowser.obj
d:\projects_vs2013\editor\property\debug\property.obj
d:\projects_vs2013\editor\property\debug\moc_qtpropertybrowserutils_p.obj
d:\projects_vs2013\editor\property\generatedfiles\debug\moc_qtvariantproperty.cpp
d:\projects_vs2013\editor\property\generatedfiles\debug\moc_qttreepropertybrowser.cpp
d:\projects_vs2013\editor\property\generatedfiles\debug\moc_qtpropertymanager.cpp
d:\projects_vs2013\editor\property\generatedfiles\debug\moc_qtpropertybrowserutils_p.cpp
d:\projects_vs2013\editor\property\generatedfiles\debug\moc_qtpropertybrowser.cpp
d:\projects_vs2013\editor\property\generatedfiles\debug\moc_qtgroupboxpropertybrowser.cpp
d:\projects_vs2013\editor\property\generatedfiles\debug\moc_qteditorfactory.cpp
d:\projects_vs2013\editor\property\generatedfiles\debug\moc_qtbuttonpropertybrowser.cpp
d:\projects_vs2013\editor\win32\debug\property.lib
d:\projects_vs2013\editor\property\debug\property.tlog\cl.command.1.tlog
d:\projects_vs2013\editor\property\debug\property.tlog\cl.read.1.tlog
d:\projects_vs2013\editor\property\debug\property.tlog\cl.write.1.tlog
d:\projects_vs2013\editor\property\debug\property.tlog\custombuild.command.1.tlog
d:\projects_vs2013\editor\property\debug\property.tlog\custombuild.read.1.tlog
d:\projects_vs2013\editor\property\debug\property.tlog\custombuild.write.1.tlog
d:\projects_vs2013\editor\property\debug\property.tlog\lib-link.read.1.tlog
d:\projects_vs2013\editor\property\debug\property.tlog\lib-link.write.1.tlog
d:\projects_vs2013\editor\property\debug\property.tlog\lib.command.1.tlog
